# JRE version: OpenJDK Runtime Environment (8.0_212-b04) (build 1.8.0_212-release-1586-b04)
# Java VM: OpenJDK 64-Bit Server VM (25.212-b04 mixed mode windows-amd64 compressed oops)
Heap:
 PSYoungGen      total 111104K, used 15551K [0x00000000e0000000, 0x00000000ea080000, 0x0000000100000000)
  eden space 101376K, 15% used [0x00000000e0000000,0x00000000e0f2ff50,0x00000000e6300000)
  from space 9728K, 0% used [0x00000000e6f80000,0x00000000e6f80000,0x00000000e7900000)
  to   space 12800K, 0% used [0x00000000e6300000,0x00000000e6300000,0x00000000e6f80000)
 ParOldGen       total 96768K, used 16222K [0x00000000a0000000, 0x00000000a5e80000, 0x00000000e0000000)
  object space 96768K, 16% used [0x00000000a0000000,0x00000000a0fd7b88,0x00000000a5e80000)
 Metaspace       used 36090K, capacity 36544K, committed 36864K, reserved 1081344K
  class space    used 4809K, capacity 4998K, committed 5120K, reserved 1048576K
GC Heap History (10 events):
Event: 4.895 GC heap before
{Heap before GC invocations=6 (full 1):
 PSYoungGen      total 74752K, used 70819K [0x00000000e0000000, 0x00000000e7980000, 0x0000000100000000)
  eden space 64512K, 100% used [0x00000000e0000000,0x00000000e3f00000,0x00000000e3f00000)
  from space 10240K, 61% used [0x00000000e4900000,0x00000000e4f28fe0,0x00000000e5300000)
  to   space 10240K, 0% used [0x00000000e3f00000,0x00000000e3f00000,0x00000000e4900000)
 ParOldGen       total 96768K, used 7514K [0x00000000a0000000, 0x00000000a5e80000, 0x00000000e0000000)
  object space 96768K, 7% used [0x00000000a0000000,0x00000000a0756830,0x00000000a5e80000)
 Metaspace       used 31199K, capacity 31598K, committed 31872K, reserved 1077248K
  class space    used 4288K, capacity 4448K, committed 4480K, reserved 1048576K
Event: 4.906 GC heap after
Heap after GC invocations=6 (full 1):
 PSYoungGen      total 74752K, used 9655K [0x00000000e0000000, 0x00000000e7c00000, 0x0000000100000000)
  eden space 64512K, 0% used [0x00000000e0000000,0x00000000e0000000,0x00000000e3f00000)
  from space 10240K, 94% used [0x00000000e3f00000,0x00000000e486dcc8,0x00000000e4900000)
  to   space 12800K, 0% used [0x00000000e6f80000,0x00000000e6f80000,0x00000000e7c00000)
 ParOldGen       total 96768K, used 7522K [0x00000000a0000000, 0x00000000a5e80000, 0x00000000e0000000)
  object space 96768K, 7% used [0x00000000a0000000,0x00000000a0758830,0x00000000a5e80000)
 Metaspace       used 31199K, capacity 31598K, committed 31872K, reserved 1077248K
  class space    used 4288K, capacity 4448K, committed 4480K, reserved 1048576K
}
Event: 6.242 GC heap before
{Heap before GC invocations=7 (full 1):
 PSYoungGen      total 74752K, used 74151K [0x00000000e0000000, 0x00000000e7c00000, 0x0000000100000000)
  eden space 64512K, 99% used [0x00000000e0000000,0x00000000e3efc1e0,0x00000000e3f00000)
  from space 10240K, 94% used [0x00000000e3f00000,0x00000000e486dcc8,0x00000000e4900000)
  to   space 12800K, 0% used [0x00000000e6f80000,0x00000000e6f80000,0x00000000e7c00000)
 ParOldGen       total 96768K, used 7522K [0x00000000a0000000, 0x00000000a5e80000, 0x00000000e0000000)
  object space 96768K, 7% used [0x00000000a0000000,0x00000000a0758830,0x00000000a5e80000)
 Metaspace       used 32795K, capacity 33298K, committed 33664K, reserved 1079296K
  class space    used 4442K, capacity 4626K, committed 4736K, reserved 1048576K
Event: 6.252 GC heap after
Heap after GC invocations=7 (full 1):
 PSYoungGen      total 108032K, used 7246K [0x00000000e0000000, 0x00000000e7900000, 0x0000000100000000)
  eden space 98304K, 0% used [0x00000000e0000000,0x00000000e0000000,0x00000000e6000000)
  from space 9728K, 74% used [0x00000000e6f80000,0x00000000e7693900,0x00000000e7900000)
  to   space 12800K, 0% used [0x00000000e6000000,0x00000000e6000000,0x00000000e6c80000)
 ParOldGen       total 96768K, used 7549K [0x00000000a0000000, 0x00000000a5e80000, 0x00000000e0000000)
  object space 96768K, 7% used [0x00000000a0000000,0x00000000a075f460,0x00000000a5e80000)
 Metaspace       used 32795K, capacity 33298K, committed 33664K, reserved 1079296K
  class space    used 4442K, capacity 4626K, committed 4736K, reserved 1048576K
}
Event: 8.231 GC heap before
{Heap before GC invocations=8 (full 1):
 PSYoungGen      total 108032K, used 105540K [0x00000000e0000000, 0x00000000e7900000, 0x0000000100000000)
  eden space 98304K, 99% used [0x00000000e0000000,0x00000000e5ffd878,0x00000000e6000000)
  from space 9728K, 74% used [0x00000000e6f80000,0x00000000e7693900,0x00000000e7900000)
  to   space 12800K, 0% used [0x00000000e6000000,0x00000000e6000000,0x00000000e6c80000)
 ParOldGen       total 96768K, used 7549K [0x00000000a0000000, 0x00000000a5e80000, 0x00000000e0000000)
  object space 96768K, 7% used [0x00000000a0000000,0x00000000a075f460,0x00000000a5e80000)
 Metaspace       used 32858K, capacity 33316K, committed 33664K, reserved 1079296K
  class space    used 4444K, capacity 4629K, committed 4736K, reserved 1048576K
Event: 8.238 GC heap after
Heap after GC invocations=8 (full 1):
 PSYoungGen      total 111104K, used 6814K [0x00000000e0000000, 0x00000000e7900000, 0x0000000100000000)
  eden space 98304K, 0% used [0x00000000e0000000,0x00000000e0000000,0x00000000e6000000)
  from space 12800K, 53% used [0x00000000e6000000,0x00000000e66a7b30,0x00000000e6c80000)
  to   space 9728K, 0% used [0x00000000e6f80000,0x00000000e6f80000,0x00000000e7900000)
 ParOldGen       total 96768K, used 7557K [0x00000000a0000000, 0x00000000a5e80000, 0x00000000e0000000)
  object space 96768K, 7% used [0x00000000a0000000,0x00000000a0761460,0x00000000a5e80000)
 Metaspace       used 32858K, capacity 33316K, committed 33664K, reserved 1079296K
  class space    used 4444K, capacity 4629K, committed 4736K, reserved 1048576K
}
Event: 10.512 GC heap before
{Heap before GC invocations=9 (full 1):
 PSYoungGen      total 111104K, used 103824K [0x00000000e0000000, 0x00000000e7900000, 0x0000000100000000)
  eden space 98304K, 98% used [0x00000000e0000000,0x00000000e5ebc720,0x00000000e6000000)
  from space 12800K, 53% used [0x00000000e6000000,0x00000000e66a7b30,0x00000000e6c80000)
  to   space 9728K, 0% used [0x00000000e6f80000,0x00000000e6f80000,0x00000000e7900000)
 ParOldGen       total 96768K, used 7557K [0x00000000a0000000, 0x00000000a5e80000, 0x00000000e0000000)
  object space 96768K, 7% used [0x00000000a0000000,0x00000000a0761460,0x00000000a5e80000)
 Metaspace       used 34891K, capacity 35338K, committed 35416K, reserved 1079296K
  class space    used 4676K, capacity 4854K, committed 4864K, reserved 1048576K
Event: 10.523 GC heap after
Heap after GC invocations=9 (full 1):
 PSYoungGen      total 111104K, used 9725K [0x00000000e0000000, 0x00000000ea080000, 0x0000000100000000)
  eden space 101376K, 0% used [0x00000000e0000000,0x00000000e0000000,0x00000000e6300000)
  from space 9728K, 99% used [0x00000000e6f80000,0x00000000e78ff4f0,0x00000000e7900000)
  to   space 12800K, 0% used [0x00000000e6300000,0x00000000e6300000,0x00000000e6f80000)
 ParOldGen       total 96768K, used 7629K [0x00000000a0000000, 0x00000000a5e80000, 0x00000000e0000000)
  object space 96768K, 7% used [0x00000000a0000000,0x00000000a0773460,0x00000000a5e80000)
 Metaspace       used 34891K, capacity 35338K, committed 35416K, reserved 1079296K
  class space    used 4676K, capacity 4854K, committed 4864K, reserved 1048576K
}
Event: 10.523 GC heap before
{Heap before GC invocations=10 (full 2):
 PSYoungGen      total 111104K, used 9725K [0x00000000e0000000, 0x00000000ea080000, 0x0000000100000000)
  eden space 101376K, 0% used [0x00000000e0000000,0x00000000e0000000,0x00000000e6300000)
  from space 9728K, 99% used [0x00000000e6f80000,0x00000000e78ff4f0,0x00000000e7900000)
  to   space 12800K, 0% used [0x00000000e6300000,0x00000000e6300000,0x00000000e6f80000)
 ParOldGen       total 96768K, used 7629K [0x00000000a0000000, 0x00000000a5e80000, 0x00000000e0000000)
  object space 96768K, 7% used [0x00000000a0000000,0x00000000a0773460,0x00000000a5e80000)
 Metaspace       used 34891K, capacity 35338K, committed 35416K, reserved 1079296K
  class space    used 4676K, capacity 4854K, committed 4864K, reserved 1048576K
Event: 10.581 GC heap after
Heap after GC invocations=10 (full 2):
 PSYoungGen      total 111104K, used 0K [0x00000000e0000000, 0x00000000ea080000, 0x0000000100000000)
  eden space 101376K, 0% used [0x00000000e0000000,0x00000000e0000000,0x00000000e6300000)
  from space 9728K, 0% used [0x00000000e6f80000,0x00000000e6f80000,0x00000000e7900000)
  to   space 12800K, 0% used [0x00000000e6300000,0x00000000e6300000,0x00000000e6f80000)
 ParOldGen       total 96768K, used 16222K [0x00000000a0000000, 0x00000000a5e80000, 0x00000000e0000000)
  object space 96768K, 16% used [0x00000000a0000000,0x00000000a0fd7b88,0x00000000a5e80000)
 Metaspace       used 34891K, capacity 35338K, committed 35416K, reserved 1079296K
  class space    used 4676K, capacity 4854K, committed 4864K, reserved 1048576K
}

